2025-03-22 12:57:22.080 INFO [restartedMain]com.yjq.programmer.FruitAndVegetableShop.logStarting:50 -Starting FruitAndVegetableShop on DESKTOP-PORB235 with PID 10840 (started by 86173 in F:\Springboot_Vegetable_shopping-master\项目源码\FruitAndVegetableShop)
2025-03-22 12:57:22.083 INFO [restartedMain]com.yjq.programmer.FruitAndVegetableShop.logStartupProfileInfo:651 -The following profiles are active: dev
2025-03-22 12:57:22.167 INFO [restartedMain]o.s.b.devtools.env.DevToolsPropertyDefaultsPostProcessor.logTo:225 -Devtools property defaults active! Set 'spring.devtools.add-properties' to 'false' to disable
2025-03-22 12:57:22.168 INFO [restartedMain]o.s.b.devtools.env.DevToolsPropertyDefaultsPostProcessor.logTo:225 -For additional web related logging consider setting the 'logging.level.web' property to 'DEBUG'
2025-03-22 12:57:22.782 INFO [restartedMain]o.s.d.repository.config.RepositoryConfigurationDelegate.multipleStoresDetected:244 -Multiple Spring Data modules found, entering strict repository configuration mode!
2025-03-22 12:57:22.784 INFO [restartedMain]o.s.d.repository.config.RepositoryConfigurationDelegate.registerRepositoriesIn:126 -Bootstrapping Spring Data repositories in DEFAULT mode.
2025-03-22 12:57:22.814 INFO [restartedMain]o.s.d.repository.config.RepositoryConfigurationDelegate.registerRepositoriesIn:182 -Finished Spring Data repository scanning in 19ms. Found 0 repository interfaces.
2025-03-22 12:57:23.105 INFO [restartedMain]o.s.c.s.PostProcessorRegistrationDelegate$BeanPostProcessorChecker.postProcessAfterInitialization:330 -Bean 'org.springframework.transaction.annotation.ProxyTransactionManagementConfiguration' of type [org.springframework.transaction.annotation.ProxyTransactionManagementConfiguration$$EnhancerBySpringCGLIB$$f51d721a] is not eligible for getting processed by all BeanPostProcessors (for example: not eligible for auto-proxying)
2025-03-22 12:57:23.340 INFO [restartedMain]o.s.boot.web.embedded.tomcat.TomcatWebServer.initialize:90 -Tomcat initialized with port(s): 8080 (http)
2025-03-22 12:57:23.350 INFO [restartedMain]org.apache.coyote.http11.Http11NioProtocol.log:173 -Initializing ProtocolHandler ["http-nio-8080"]
2025-03-22 12:57:23.357 INFO [restartedMain]org.apache.catalina.core.StandardService.log:173 -Starting service [Tomcat]
2025-03-22 12:57:23.357 INFO [restartedMain]org.apache.catalina.core.StandardEngine.log:173 -Starting Servlet engine: [Apache Tomcat/9.0.22]
2025-03-22 12:57:23.449 INFO [restartedMain]o.a.catalina.core.ContainerBase.[Tomcat].[localhost].[/].log:173 -Initializing Spring embedded WebApplicationContext
2025-03-22 12:57:23.449 INFO [restartedMain]org.springframework.web.context.ContextLoader.prepareWebApplicationContext:284 -Root WebApplicationContext: initialization completed in 1281 ms
2025-03-22 12:57:24.287 INFO [restartedMain]o.s.scheduling.concurrent.ThreadPoolTaskExecutor.initialize:171 -Initializing ExecutorService 'applicationTaskExecutor'
2025-03-22 12:57:25.576 INFO [restartedMain]o.s.boot.devtools.autoconfigure.OptionalLiveReloadServer.startServer:57 -LiveReload server is running on port 35729
2025-03-22 12:57:25.603 INFO [restartedMain]org.apache.coyote.http11.Http11NioProtocol.log:173 -Starting ProtocolHandler ["http-nio-8080"]
2025-03-22 12:57:25.622 INFO [restartedMain]o.s.boot.web.embedded.tomcat.TomcatWebServer.start:202 -Tomcat started on port(s): 8080 (http) with context path ''
2025-03-22 12:57:25.624 INFO [restartedMain]com.yjq.programmer.FruitAndVegetableShop.logStarted:59 -Started FruitAndVegetableShop in 4.098 seconds (JVM running for 5.141)
2025-03-22 13:00:36.976 INFO [http-nio-8080-exec-1]o.a.catalina.core.ContainerBase.[Tomcat].[localhost].[/].log:173 -Initializing Spring DispatcherServlet 'dispatcherServlet'
2025-03-22 13:00:36.976 INFO [http-nio-8080-exec-1]org.springframework.web.servlet.DispatcherServlet.initServletBean:524 -Initializing Servlet 'dispatcherServlet'
2025-03-22 13:00:36.981 INFO [http-nio-8080-exec-1]org.springframework.web.servlet.DispatcherServlet.initServletBean:546 -Completed initialization in 4 ms
2025-03-22 13:00:36.997 INFO [http-nio-8080-exec-1]com.yjq.programmer.interceptor.home.UserLoginInterceptor.preHandle:49 -当前URL=/home/system/index
2025-03-22 13:00:36.997 INFO [http-nio-8080-exec-1]com.yjq.programmer.interceptor.home.UserLoginInterceptor.preHandle:50 -当前路径获取到的token=
2025-03-22 13:00:40.868 INFO [http-nio-8080-exec-6]com.yjq.programmer.interceptor.home.UserLoginInterceptor.preHandle:49 -当前URL=/home/product/fruit
2025-03-22 13:00:40.868 INFO [http-nio-8080-exec-6]com.yjq.programmer.interceptor.home.UserLoginInterceptor.preHandle:50 -当前路径获取到的token=
2025-03-22 13:00:40.902 INFO [http-nio-8080-exec-6]com.zaxxer.hikari.HikariDataSource.getConnection:110 -HikariPool-1 - Starting...
2025-03-22 13:00:42.075 WARN [http-nio-8080-exec-6]o.s.w.s.m.m.annotation.ExceptionHandlerExceptionResolver.logException:198 -Resolved [org.mybatis.spring.MyBatisSystemException: nested exception is org.apache.ibatis.exceptions.PersistenceException: 
### Error querying database.  Cause: com.github.pagehelper.PageException: java.sql.SQLException: Access denied for user 'root'@'localhost' (using password: YES)
### Cause: com.github.pagehelper.PageException: java.sql.SQLException: Access denied for user 'root'@'localhost' (using password: YES)]
2025-03-22 13:01:03.965 INFO [http-nio-8080-exec-3]com.yjq.programmer.interceptor.home.UserLoginInterceptor.preHandle:49 -当前URL=/home/user/info
2025-03-22 13:01:03.965 INFO [http-nio-8080-exec-3]com.yjq.programmer.interceptor.home.UserLoginInterceptor.preHandle:50 -当前路径获取到的token=
2025-03-22 13:01:03.966 INFO [http-nio-8080-exec-3]com.yjq.programmer.interceptor.home.UserLoginInterceptor.preHandle:86 -没有登录或token非法，跳转登录界面！当前URL=/home/user/info
2025-03-22 13:01:03.972 INFO [http-nio-8080-exec-9]com.yjq.programmer.interceptor.home.UserLoginInterceptor.preHandle:49 -当前URL=/home/user/login
2025-03-22 13:01:03.973 INFO [http-nio-8080-exec-9]com.yjq.programmer.interceptor.home.UserLoginInterceptor.preHandle:50 -当前路径获取到的token=
2025-03-22 13:01:05.272 INFO [http-nio-8080-exec-7]com.yjq.programmer.interceptor.home.UserLoginInterceptor.preHandle:49 -当前URL=/home/product/vegetable
2025-03-22 13:01:05.273 INFO [http-nio-8080-exec-7]com.yjq.programmer.interceptor.home.UserLoginInterceptor.preHandle:50 -当前路径获取到的token=
2025-03-22 13:01:05.273 INFO [http-nio-8080-exec-7]com.zaxxer.hikari.HikariDataSource.getConnection:110 -HikariPool-1 - Starting...
2025-03-22 13:01:06.294 WARN [http-nio-8080-exec-7]o.s.w.s.m.m.annotation.ExceptionHandlerExceptionResolver.logException:198 -Resolved [org.mybatis.spring.MyBatisSystemException: nested exception is org.apache.ibatis.exceptions.PersistenceException: 
### Error querying database.  Cause: com.github.pagehelper.PageException: java.sql.SQLException: Access denied for user 'root'@'localhost' (using password: YES)
### Cause: com.github.pagehelper.PageException: java.sql.SQLException: Access denied for user 'root'@'localhost' (using password: YES)]
2025-03-22 13:01:16.314 INFO [http-nio-8080-exec-9]com.yjq.programmer.controller.common.CpachaController.generateCpacha:51 -验证码成功生成，method=admin_login,value=KKgz
2025-03-22 13:03:50.489 INFO [Thread-16]o.s.scheduling.concurrent.ThreadPoolTaskExecutor.shutdown:208 -Shutting down ExecutorService 'applicationTaskExecutor'
2025-03-22 13:08:44.403 INFO [restartedMain]com.yjq.programmer.FruitAndVegetableShop.logStarting:50 -Starting FruitAndVegetableShop on DESKTOP-PORB235 with PID 2932 (started by 86173 in F:\Springboot_Vegetable_shopping-master\项目源码\FruitAndVegetableShop)
2025-03-22 13:08:44.406 INFO [restartedMain]com.yjq.programmer.FruitAndVegetableShop.logStartupProfileInfo:651 -The following profiles are active: dev
2025-03-22 13:08:44.490 INFO [restartedMain]o.s.b.devtools.env.DevToolsPropertyDefaultsPostProcessor.logTo:225 -Devtools property defaults active! Set 'spring.devtools.add-properties' to 'false' to disable
2025-03-22 13:08:44.491 INFO [restartedMain]o.s.b.devtools.env.DevToolsPropertyDefaultsPostProcessor.logTo:225 -For additional web related logging consider setting the 'logging.level.web' property to 'DEBUG'
2025-03-22 13:08:45.117 INFO [restartedMain]o.s.d.repository.config.RepositoryConfigurationDelegate.multipleStoresDetected:244 -Multiple Spring Data modules found, entering strict repository configuration mode!
2025-03-22 13:08:45.120 INFO [restartedMain]o.s.d.repository.config.RepositoryConfigurationDelegate.registerRepositoriesIn:126 -Bootstrapping Spring Data repositories in DEFAULT mode.
2025-03-22 13:08:45.165 INFO [restartedMain]o.s.d.repository.config.RepositoryConfigurationDelegate.registerRepositoriesIn:182 -Finished Spring Data repository scanning in 29ms. Found 0 repository interfaces.
2025-03-22 13:08:45.450 INFO [restartedMain]o.s.c.s.PostProcessorRegistrationDelegate$BeanPostProcessorChecker.postProcessAfterInitialization:330 -Bean 'org.springframework.transaction.annotation.ProxyTransactionManagementConfiguration' of type [org.springframework.transaction.annotation.ProxyTransactionManagementConfiguration$$EnhancerBySpringCGLIB$$fd6c0c73] is not eligible for getting processed by all BeanPostProcessors (for example: not eligible for auto-proxying)
2025-03-22 13:08:45.680 INFO [restartedMain]o.s.boot.web.embedded.tomcat.TomcatWebServer.initialize:90 -Tomcat initialized with port(s): 8080 (http)
2025-03-22 13:08:45.700 INFO [restartedMain]org.apache.coyote.http11.Http11NioProtocol.log:173 -Initializing ProtocolHandler ["http-nio-8080"]
2025-03-22 13:08:45.709 INFO [restartedMain]org.apache.catalina.core.StandardService.log:173 -Starting service [Tomcat]
2025-03-22 13:08:45.710 INFO [restartedMain]org.apache.catalina.core.StandardEngine.log:173 -Starting Servlet engine: [Apache Tomcat/9.0.22]
2025-03-22 13:08:45.876 INFO [restartedMain]o.a.catalina.core.ContainerBase.[Tomcat].[localhost].[/].log:173 -Initializing Spring embedded WebApplicationContext
2025-03-22 13:08:45.877 INFO [restartedMain]org.springframework.web.context.ContextLoader.prepareWebApplicationContext:284 -Root WebApplicationContext: initialization completed in 1386 ms
2025-03-22 13:08:46.830 INFO [restartedMain]o.s.scheduling.concurrent.ThreadPoolTaskExecutor.initialize:171 -Initializing ExecutorService 'applicationTaskExecutor'
2025-03-22 13:08:47.769 INFO [restartedMain]o.s.boot.devtools.autoconfigure.OptionalLiveReloadServer.startServer:57 -LiveReload server is running on port 35729
2025-03-22 13:08:47.794 INFO [restartedMain]org.apache.coyote.http11.Http11NioProtocol.log:173 -Starting ProtocolHandler ["http-nio-8080"]
2025-03-22 13:08:47.811 INFO [restartedMain]o.s.boot.web.embedded.tomcat.TomcatWebServer.start:202 -Tomcat started on port(s): 8080 (http) with context path ''
2025-03-22 13:08:47.814 INFO [restartedMain]com.yjq.programmer.FruitAndVegetableShop.logStarted:59 -Started FruitAndVegetableShop in 3.822 seconds (JVM running for 4.733)
2025-03-22 13:09:10.877 INFO [http-nio-8080-exec-3]o.a.catalina.core.ContainerBase.[Tomcat].[localhost].[/].log:173 -Initializing Spring DispatcherServlet 'dispatcherServlet'
2025-03-22 13:09:10.877 INFO [http-nio-8080-exec-3]org.springframework.web.servlet.DispatcherServlet.initServletBean:524 -Initializing Servlet 'dispatcherServlet'
2025-03-22 13:09:10.883 INFO [http-nio-8080-exec-3]org.springframework.web.servlet.DispatcherServlet.initServletBean:546 -Completed initialization in 5 ms
2025-03-22 13:09:14.166 INFO [http-nio-8080-exec-7]com.yjq.programmer.interceptor.home.UserLoginInterceptor.preHandle:49 -当前URL=/home/user/register
2025-03-22 13:09:14.166 INFO [http-nio-8080-exec-7]com.yjq.programmer.interceptor.home.UserLoginInterceptor.preHandle:50 -当前路径获取到的token=
2025-03-22 13:09:14.327 INFO [http-nio-8080-exec-3]com.yjq.programmer.controller.common.CpachaController.generateCpacha:51 -验证码成功生成，method=user_register,value=duuz
2025-03-22 13:09:40.008 INFO [http-nio-8080-exec-2]com.yjq.programmer.interceptor.home.UserLoginInterceptor.preHandle:49 -当前URL=/home/user/register
2025-03-22 13:09:40.008 INFO [http-nio-8080-exec-2]com.yjq.programmer.interceptor.home.UserLoginInterceptor.preHandle:50 -当前路径获取到的token=
2025-03-22 13:09:40.081 INFO [http-nio-8080-exec-6]com.yjq.programmer.controller.common.CpachaController.generateCpacha:51 -验证码成功生成，method=user_register,value=v4qh
2025-03-22 13:09:47.071 INFO [http-nio-8080-exec-8]com.yjq.programmer.interceptor.home.UserLoginInterceptor.preHandle:49 -当前URL=/home/user/register
2025-03-22 13:09:47.071 INFO [http-nio-8080-exec-8]com.yjq.programmer.interceptor.home.UserLoginInterceptor.preHandle:50 -当前路径获取到的token=
2025-03-22 13:09:47.087 INFO [http-nio-8080-exec-5]com.yjq.programmer.controller.common.CpachaController.generateCpacha:51 -验证码成功生成，method=user_register,value=vQm6
2025-03-22 13:09:53.891 INFO [http-nio-8080-exec-9]com.yjq.programmer.interceptor.home.UserLoginInterceptor.preHandle:49 -当前URL=/home/user/register
2025-03-22 13:09:53.891 INFO [http-nio-8080-exec-9]com.yjq.programmer.interceptor.home.UserLoginInterceptor.preHandle:50 -当前路径获取到的token=
2025-03-22 13:09:53.916 INFO [http-nio-8080-exec-9]com.zaxxer.hikari.HikariDataSource.getConnection:110 -HikariPool-1 - Starting...
2025-03-22 13:09:54.009 INFO [http-nio-8080-exec-9]com.zaxxer.hikari.HikariDataSource.getConnection:123 -HikariPool-1 - Start completed.
2025-03-22 13:09:54.696 INFO [http-nio-8080-exec-1]com.yjq.programmer.controller.common.CpachaController.generateCpacha:51 -验证码成功生成，method=user_register,value=MtsR
2025-03-22 13:10:01.332 INFO [http-nio-8080-exec-7]com.yjq.programmer.interceptor.home.UserLoginInterceptor.preHandle:49 -当前URL=/home/user/register
2025-03-22 13:10:01.332 INFO [http-nio-8080-exec-7]com.yjq.programmer.interceptor.home.UserLoginInterceptor.preHandle:50 -当前路径获取到的token=
2025-03-22 13:10:01.341 INFO [http-nio-8080-exec-4]com.yjq.programmer.controller.common.CpachaController.generateCpacha:51 -验证码成功生成，method=user_register,value=h2hG
2025-03-22 13:10:03.862 INFO [http-nio-8080-exec-3]com.yjq.programmer.interceptor.home.UserLoginInterceptor.preHandle:49 -当前URL=/home/user/login
2025-03-22 13:10:03.862 INFO [http-nio-8080-exec-3]com.yjq.programmer.interceptor.home.UserLoginInterceptor.preHandle:50 -当前路径获取到的token=
2025-03-22 13:10:11.849 INFO [http-nio-8080-exec-5]com.yjq.programmer.interceptor.home.UserLoginInterceptor.preHandle:49 -当前URL=/home/user/login
2025-03-22 13:10:11.849 INFO [http-nio-8080-exec-5]com.yjq.programmer.interceptor.home.UserLoginInterceptor.preHandle:50 -当前路径获取到的token=
2025-03-22 13:10:11.995 INFO [http-nio-8080-exec-5]com.yjq.programmer.util.JWTUtil.getToken:46 -生成的token=eyJ0eXAiOiJKV1QiLCJhbGciOiJIUzI1NiJ9.eyJwaG9uZSI6IjE3MzQxNzAxNzIwIiwiaWQiOiIxMSIsImV4cCI6MTc0MzIyNTAxMSwiaGVhZFBpYyI6ImNvbW1vbi91c2VyX2ltZy5qcGciLCJlbWFpbCI6ImN5MjM5Mzg1NTIxM0AxNjMuQ09NIiwidXNlcm5hbWUiOiJidXkxIn0.njO9pUm6KRv_x4xxOLq22QHL2N0BMOUvw3VK-Cpki8I
2025-03-22 13:10:12.015 INFO [http-nio-8080-exec-6]com.yjq.programmer.interceptor.home.UserLoginInterceptor.preHandle:49 -当前URL=/home/system/index
2025-03-22 13:10:12.016 INFO [http-nio-8080-exec-6]com.yjq.programmer.interceptor.home.UserLoginInterceptor.preHandle:50 -当前路径获取到的token=eyJ0eXAiOiJKV1QiLCJhbGciOiJIUzI1NiJ9.eyJwaG9uZSI6IjE3MzQxNzAxNzIwIiwiaWQiOiIxMSIsImV4cCI6MTc0MzIyNTAxMSwiaGVhZFBpYyI6ImNvbW1vbi91c2VyX2ltZy5qcGciLCJlbWFpbCI6ImN5MjM5Mzg1NTIxM0AxNjMuQ09NIiwidXNlcm5hbWUiOiJidXkxIn0.njO9pUm6KRv_x4xxOLq22QHL2N0BMOUvw3VK-Cpki8I
2025-03-22 13:10:12.162 INFO [http-nio-8080-exec-6]io.lettuce.core.EpollProvider.<clinit>:68 -Starting without optional epoll library
2025-03-22 13:10:12.163 INFO [http-nio-8080-exec-6]io.lettuce.core.KqueueProvider.<clinit>:70 -Starting without optional kqueue library
2025-03-22 13:10:24.682 INFO [http-nio-8080-exec-6]com.yjq.programmer.interceptor.home.UserLoginInterceptor.preHandle:49 -当前URL=/home/product/fruit
2025-03-22 13:10:24.682 INFO [http-nio-8080-exec-6]com.yjq.programmer.interceptor.home.UserLoginInterceptor.preHandle:50 -当前路径获取到的token=eyJ0eXAiOiJKV1QiLCJhbGciOiJIUzI1NiJ9.eyJwaG9uZSI6IjE3MzQxNzAxNzIwIiwiaWQiOiIxMSIsImV4cCI6MTc0MzIyNTAxMSwiaGVhZFBpYyI6ImNvbW1vbi91c2VyX2ltZy5qcGciLCJlbWFpbCI6ImN5MjM5Mzg1NTIxM0AxNjMuQ09NIiwidXNlcm5hbWUiOiJidXkxIn0.njO9pUm6KRv_x4xxOLq22QHL2N0BMOUvw3VK-Cpki8I
2025-03-22 13:10:33.182 INFO [http-nio-8080-exec-3]com.yjq.programmer.interceptor.home.UserLoginInterceptor.preHandle:49 -当前URL=/home/system/index
2025-03-22 13:10:33.182 INFO [http-nio-8080-exec-3]com.yjq.programmer.interceptor.home.UserLoginInterceptor.preHandle:50 -当前路径获取到的token=eyJ0eXAiOiJKV1QiLCJhbGciOiJIUzI1NiJ9.eyJwaG9uZSI6IjE3MzQxNzAxNzIwIiwiaWQiOiIxMSIsImV4cCI6MTc0MzIyNTAxMSwiaGVhZFBpYyI6ImNvbW1vbi91c2VyX2ltZy5qcGciLCJlbWFpbCI6ImN5MjM5Mzg1NTIxM0AxNjMuQ09NIiwidXNlcm5hbWUiOiJidXkxIn0.njO9pUm6KRv_x4xxOLq22QHL2N0BMOUvw3VK-Cpki8I
2025-03-22 13:10:46.367 INFO [http-nio-8080-exec-4]com.yjq.programmer.interceptor.home.UserLoginInterceptor.preHandle:49 -当前URL=/home/product/fruit
2025-03-22 13:10:46.368 INFO [http-nio-8080-exec-4]com.yjq.programmer.interceptor.home.UserLoginInterceptor.preHandle:50 -当前路径获取到的token=eyJ0eXAiOiJKV1QiLCJhbGciOiJIUzI1NiJ9.eyJwaG9uZSI6IjE3MzQxNzAxNzIwIiwiaWQiOiIxMSIsImV4cCI6MTc0MzIyNTAxMSwiaGVhZFBpYyI6ImNvbW1vbi91c2VyX2ltZy5qcGciLCJlbWFpbCI6ImN5MjM5Mzg1NTIxM0AxNjMuQ09NIiwidXNlcm5hbWUiOiJidXkxIn0.njO9pUm6KRv_x4xxOLq22QHL2N0BMOUvw3VK-Cpki8I
2025-03-22 13:10:50.868 INFO [http-nio-8080-exec-10]com.yjq.programmer.interceptor.home.UserLoginInterceptor.preHandle:49 -当前URL=/home/cart/add
2025-03-22 13:10:50.869 INFO [http-nio-8080-exec-10]com.yjq.programmer.interceptor.home.UserLoginInterceptor.preHandle:50 -当前路径获取到的token=eyJ0eXAiOiJKV1QiLCJhbGciOiJIUzI1NiJ9.eyJwaG9uZSI6IjE3MzQxNzAxNzIwIiwiaWQiOiIxMSIsImV4cCI6MTc0MzIyNTAxMSwiaGVhZFBpYyI6ImNvbW1vbi91c2VyX2ltZy5qcGciLCJlbWFpbCI6ImN5MjM5Mzg1NTIxM0AxNjMuQ09NIiwidXNlcm5hbWUiOiJidXkxIn0.njO9pUm6KRv_x4xxOLq22QHL2N0BMOUvw3VK-Cpki8I
2025-03-22 13:10:52.896 INFO [http-nio-8080-exec-3]com.yjq.programmer.interceptor.home.UserLoginInterceptor.preHandle:49 -当前URL=/home/cart/add
2025-03-22 13:10:52.896 INFO [http-nio-8080-exec-3]com.yjq.programmer.interceptor.home.UserLoginInterceptor.preHandle:50 -当前路径获取到的token=eyJ0eXAiOiJKV1QiLCJhbGciOiJIUzI1NiJ9.eyJwaG9uZSI6IjE3MzQxNzAxNzIwIiwiaWQiOiIxMSIsImV4cCI6MTc0MzIyNTAxMSwiaGVhZFBpYyI6ImNvbW1vbi91c2VyX2ltZy5qcGciLCJlbWFpbCI6ImN5MjM5Mzg1NTIxM0AxNjMuQ09NIiwidXNlcm5hbWUiOiJidXkxIn0.njO9pUm6KRv_x4xxOLq22QHL2N0BMOUvw3VK-Cpki8I
2025-03-22 13:10:58.371 INFO [http-nio-8080-exec-5]com.yjq.programmer.interceptor.home.UserLoginInterceptor.preHandle:49 -当前URL=/home/product/fruit
2025-03-22 13:10:58.372 INFO [http-nio-8080-exec-5]com.yjq.programmer.interceptor.home.UserLoginInterceptor.preHandle:50 -当前路径获取到的token=eyJ0eXAiOiJKV1QiLCJhbGciOiJIUzI1NiJ9.eyJwaG9uZSI6IjE3MzQxNzAxNzIwIiwiaWQiOiIxMSIsImV4cCI6MTc0MzIyNTAxMSwiaGVhZFBpYyI6ImNvbW1vbi91c2VyX2ltZy5qcGciLCJlbWFpbCI6ImN5MjM5Mzg1NTIxM0AxNjMuQ09NIiwidXNlcm5hbWUiOiJidXkxIn0.njO9pUm6KRv_x4xxOLq22QHL2N0BMOUvw3VK-Cpki8I
2025-03-22 13:11:01.650 INFO [http-nio-8080-exec-4]com.yjq.programmer.interceptor.home.UserLoginInterceptor.preHandle:49 -当前URL=/home/product/fruit
2025-03-22 13:11:01.650 INFO [http-nio-8080-exec-4]com.yjq.programmer.interceptor.home.UserLoginInterceptor.preHandle:50 -当前路径获取到的token=eyJ0eXAiOiJKV1QiLCJhbGciOiJIUzI1NiJ9.eyJwaG9uZSI6IjE3MzQxNzAxNzIwIiwiaWQiOiIxMSIsImV4cCI6MTc0MzIyNTAxMSwiaGVhZFBpYyI6ImNvbW1vbi91c2VyX2ltZy5qcGciLCJlbWFpbCI6ImN5MjM5Mzg1NTIxM0AxNjMuQ09NIiwidXNlcm5hbWUiOiJidXkxIn0.njO9pUm6KRv_x4xxOLq22QHL2N0BMOUvw3VK-Cpki8I
2025-03-22 13:11:05.642 INFO [http-nio-8080-exec-5]com.yjq.programmer.interceptor.home.UserLoginInterceptor.preHandle:49 -当前URL=/home/cart/add
2025-03-22 13:11:05.645 INFO [http-nio-8080-exec-5]com.yjq.programmer.interceptor.home.UserLoginInterceptor.preHandle:50 -当前路径获取到的token=eyJ0eXAiOiJKV1QiLCJhbGciOiJIUzI1NiJ9.eyJwaG9uZSI6IjE3MzQxNzAxNzIwIiwiaWQiOiIxMSIsImV4cCI6MTc0MzIyNTAxMSwiaGVhZFBpYyI6ImNvbW1vbi91c2VyX2ltZy5qcGciLCJlbWFpbCI6ImN5MjM5Mzg1NTIxM0AxNjMuQ09NIiwidXNlcm5hbWUiOiJidXkxIn0.njO9pUm6KRv_x4xxOLq22QHL2N0BMOUvw3VK-Cpki8I
2025-03-22 13:11:11.723 INFO [http-nio-8080-exec-7]com.yjq.programmer.interceptor.home.UserLoginInterceptor.preHandle:49 -当前URL=/home/user/info
2025-03-22 13:11:11.724 INFO [http-nio-8080-exec-7]com.yjq.programmer.interceptor.home.UserLoginInterceptor.preHandle:50 -当前路径获取到的token=eyJ0eXAiOiJKV1QiLCJhbGciOiJIUzI1NiJ9.eyJwaG9uZSI6IjE3MzQxNzAxNzIwIiwiaWQiOiIxMSIsImV4cCI6MTc0MzIyNTAxMSwiaGVhZFBpYyI6ImNvbW1vbi91c2VyX2ltZy5qcGciLCJlbWFpbCI6ImN5MjM5Mzg1NTIxM0AxNjMuQ09NIiwidXNlcm5hbWUiOiJidXkxIn0.njO9pUm6KRv_x4xxOLq22QHL2N0BMOUvw3VK-Cpki8I
2025-03-22 13:11:13.752 INFO [http-nio-8080-exec-7]com.yjq.programmer.interceptor.home.UserLoginInterceptor.preHandle:86 -没有登录或token非法，跳转登录界面！当前URL=/home/user/info
2025-03-22 13:11:13.758 INFO [http-nio-8080-exec-4]com.yjq.programmer.interceptor.home.UserLoginInterceptor.preHandle:49 -当前URL=/home/user/login
2025-03-22 13:11:13.758 INFO [http-nio-8080-exec-4]com.yjq.programmer.interceptor.home.UserLoginInterceptor.preHandle:50 -当前路径获取到的token=eyJ0eXAiOiJKV1QiLCJhbGciOiJIUzI1NiJ9.eyJwaG9uZSI6IjE3MzQxNzAxNzIwIiwiaWQiOiIxMSIsImV4cCI6MTc0MzIyNTAxMSwiaGVhZFBpYyI6ImNvbW1vbi91c2VyX2ltZy5qcGciLCJlbWFpbCI6ImN5MjM5Mzg1NTIxM0AxNjMuQ09NIiwidXNlcm5hbWUiOiJidXkxIn0.njO9pUm6KRv_x4xxOLq22QHL2N0BMOUvw3VK-Cpki8I
2025-03-22 13:11:14.512 INFO [http-nio-8080-exec-8]com.yjq.programmer.interceptor.home.UserLoginInterceptor.preHandle:49 -当前URL=/home/user/info
2025-03-22 13:11:14.513 INFO [http-nio-8080-exec-8]com.yjq.programmer.interceptor.home.UserLoginInterceptor.preHandle:50 -当前路径获取到的token=eyJ0eXAiOiJKV1QiLCJhbGciOiJIUzI1NiJ9.eyJwaG9uZSI6IjE3MzQxNzAxNzIwIiwiaWQiOiIxMSIsImV4cCI6MTc0MzIyNTAxMSwiaGVhZFBpYyI6ImNvbW1vbi91c2VyX2ltZy5qcGciLCJlbWFpbCI6ImN5MjM5Mzg1NTIxM0AxNjMuQ09NIiwidXNlcm5hbWUiOiJidXkxIn0.njO9pUm6KRv_x4xxOLq22QHL2N0BMOUvw3VK-Cpki8I
2025-03-22 13:11:17.825 INFO [http-nio-8080-exec-8]com.yjq.programmer.interceptor.home.UserLoginInterceptor.preHandle:86 -没有登录或token非法，跳转登录界面！当前URL=/home/user/info
2025-03-22 13:11:17.831 INFO [http-nio-8080-exec-9]com.yjq.programmer.interceptor.home.UserLoginInterceptor.preHandle:49 -当前URL=/home/user/login
2025-03-22 13:11:17.831 INFO [http-nio-8080-exec-9]com.yjq.programmer.interceptor.home.UserLoginInterceptor.preHandle:50 -当前路径获取到的token=eyJ0eXAiOiJKV1QiLCJhbGciOiJIUzI1NiJ9.eyJwaG9uZSI6IjE3MzQxNzAxNzIwIiwiaWQiOiIxMSIsImV4cCI6MTc0MzIyNTAxMSwiaGVhZFBpYyI6ImNvbW1vbi91c2VyX2ltZy5qcGciLCJlbWFpbCI6ImN5MjM5Mzg1NTIxM0AxNjMuQ09NIiwidXNlcm5hbWUiOiJidXkxIn0.njO9pUm6KRv_x4xxOLq22QHL2N0BMOUvw3VK-Cpki8I
2025-03-22 13:11:17.847 INFO [http-nio-8080-exec-10]com.yjq.programmer.interceptor.home.UserLoginInterceptor.preHandle:49 -当前URL=/home/user/info
2025-03-22 13:11:17.847 INFO [http-nio-8080-exec-10]com.yjq.programmer.interceptor.home.UserLoginInterceptor.preHandle:50 -当前路径获取到的token=eyJ0eXAiOiJKV1QiLCJhbGciOiJIUzI1NiJ9.eyJwaG9uZSI6IjE3MzQxNzAxNzIwIiwiaWQiOiIxMSIsImV4cCI6MTc0MzIyNTAxMSwiaGVhZFBpYyI6ImNvbW1vbi91c2VyX2ltZy5qcGciLCJlbWFpbCI6ImN5MjM5Mzg1NTIxM0AxNjMuQ09NIiwidXNlcm5hbWUiOiJidXkxIn0.njO9pUm6KRv_x4xxOLq22QHL2N0BMOUvw3VK-Cpki8I
2025-03-22 13:11:20.547 INFO [http-nio-8080-exec-1]com.yjq.programmer.interceptor.home.UserLoginInterceptor.preHandle:49 -当前URL=/home/product/fruit
2025-03-22 13:11:20.547 INFO [http-nio-8080-exec-1]com.yjq.programmer.interceptor.home.UserLoginInterceptor.preHandle:50 -当前路径获取到的token=
2025-03-22 13:11:21.928 INFO [http-nio-8080-exec-10]com.yjq.programmer.interceptor.home.UserLoginInterceptor.preHandle:86 -没有登录或token非法，跳转登录界面！当前URL=/home/user/info
2025-03-22 13:11:21.997 INFO [http-nio-8080-exec-2]com.yjq.programmer.interceptor.home.UserLoginInterceptor.preHandle:49 -当前URL=/home/user/info
2025-03-22 13:11:21.997 INFO [http-nio-8080-exec-2]com.yjq.programmer.interceptor.home.UserLoginInterceptor.preHandle:50 -当前路径获取到的token=
2025-03-22 13:11:21.998 INFO [http-nio-8080-exec-2]com.yjq.programmer.interceptor.home.UserLoginInterceptor.preHandle:86 -没有登录或token非法，跳转登录界面！当前URL=/home/user/info
2025-03-22 13:11:22.003 INFO [http-nio-8080-exec-6]com.yjq.programmer.interceptor.home.UserLoginInterceptor.preHandle:49 -当前URL=/home/user/login
2025-03-22 13:11:22.003 INFO [http-nio-8080-exec-6]com.yjq.programmer.interceptor.home.UserLoginInterceptor.preHandle:50 -当前路径获取到的token=
2025-03-22 13:11:28.051 INFO [http-nio-8080-exec-1]com.yjq.programmer.interceptor.home.UserLoginInterceptor.preHandle:49 -当前URL=/home/user/login
2025-03-22 13:11:28.051 INFO [http-nio-8080-exec-1]com.yjq.programmer.interceptor.home.UserLoginInterceptor.preHandle:50 -当前路径获取到的token=
2025-03-22 13:11:28.055 INFO [http-nio-8080-exec-1]com.yjq.programmer.util.JWTUtil.getToken:46 -生成的token=eyJ0eXAiOiJKV1QiLCJhbGciOiJIUzI1NiJ9.eyJwaG9uZSI6IjE3MzQxNzAxNzIwIiwiaWQiOiIxMSIsImV4cCI6MTc0MzIyNTA4OCwiaGVhZFBpYyI6ImNvbW1vbi91c2VyX2ltZy5qcGciLCJlbWFpbCI6ImN5MjM5Mzg1NTIxM0AxNjMuQ09NIiwidXNlcm5hbWUiOiJidXkxIn0.__lBfhYmAOaX0_wjqjxCL9Q7nMutUCzyz_q6RGzS0AQ
2025-03-22 13:11:28.075 INFO [http-nio-8080-exec-5]com.yjq.programmer.interceptor.home.UserLoginInterceptor.preHandle:49 -当前URL=/home/system/index
2025-03-22 13:11:28.076 INFO [http-nio-8080-exec-5]com.yjq.programmer.interceptor.home.UserLoginInterceptor.preHandle:50 -当前路径获取到的token=eyJ0eXAiOiJKV1QiLCJhbGciOiJIUzI1NiJ9.eyJwaG9uZSI6IjE3MzQxNzAxNzIwIiwiaWQiOiIxMSIsImV4cCI6MTc0MzIyNTA4OCwiaGVhZFBpYyI6ImNvbW1vbi91c2VyX2ltZy5qcGciLCJlbWFpbCI6ImN5MjM5Mzg1NTIxM0AxNjMuQ09NIiwidXNlcm5hbWUiOiJidXkxIn0.__lBfhYmAOaX0_wjqjxCL9Q7nMutUCzyz_q6RGzS0AQ
2025-03-22 13:11:39.429 INFO [http-nio-8080-exec-8]com.yjq.programmer.interceptor.home.UserLoginInterceptor.preHandle:49 -当前URL=/home/product/vegetable
2025-03-22 13:11:39.429 INFO [http-nio-8080-exec-8]com.yjq.programmer.interceptor.home.UserLoginInterceptor.preHandle:50 -当前路径获取到的token=eyJ0eXAiOiJKV1QiLCJhbGciOiJIUzI1NiJ9.eyJwaG9uZSI6IjE3MzQxNzAxNzIwIiwiaWQiOiIxMSIsImV4cCI6MTc0MzIyNTA4OCwiaGVhZFBpYyI6ImNvbW1vbi91c2VyX2ltZy5qcGciLCJlbWFpbCI6ImN5MjM5Mzg1NTIxM0AxNjMuQ09NIiwidXNlcm5hbWUiOiJidXkxIn0.__lBfhYmAOaX0_wjqjxCL9Q7nMutUCzyz_q6RGzS0AQ
2025-03-22 13:11:44.536 INFO [http-nio-8080-exec-2]com.yjq.programmer.interceptor.home.UserLoginInterceptor.preHandle:49 -当前URL=/home/cart/add
2025-03-22 13:11:44.536 INFO [http-nio-8080-exec-2]com.yjq.programmer.interceptor.home.UserLoginInterceptor.preHandle:50 -当前路径获取到的token=eyJ0eXAiOiJKV1QiLCJhbGciOiJIUzI1NiJ9.eyJwaG9uZSI6IjE3MzQxNzAxNzIwIiwiaWQiOiIxMSIsImV4cCI6MTc0MzIyNTA4OCwiaGVhZFBpYyI6ImNvbW1vbi91c2VyX2ltZy5qcGciLCJlbWFpbCI6ImN5MjM5Mzg1NTIxM0AxNjMuQ09NIiwidXNlcm5hbWUiOiJidXkxIn0.__lBfhYmAOaX0_wjqjxCL9Q7nMutUCzyz_q6RGzS0AQ
2025-03-22 13:11:49.529 INFO [http-nio-8080-exec-6]com.yjq.programmer.interceptor.home.UserLoginInterceptor.preHandle:49 -当前URL=/home/user/info
2025-03-22 13:11:49.530 INFO [http-nio-8080-exec-6]com.yjq.programmer.interceptor.home.UserLoginInterceptor.preHandle:50 -当前路径获取到的token=eyJ0eXAiOiJKV1QiLCJhbGciOiJIUzI1NiJ9.eyJwaG9uZSI6IjE3MzQxNzAxNzIwIiwiaWQiOiIxMSIsImV4cCI6MTc0MzIyNTA4OCwiaGVhZFBpYyI6ImNvbW1vbi91c2VyX2ltZy5qcGciLCJlbWFpbCI6ImN5MjM5Mzg1NTIxM0AxNjMuQ09NIiwidXNlcm5hbWUiOiJidXkxIn0.__lBfhYmAOaX0_wjqjxCL9Q7nMutUCzyz_q6RGzS0AQ
2025-03-22 13:11:51.567 INFO [http-nio-8080-exec-6]com.yjq.programmer.interceptor.home.UserLoginInterceptor.preHandle:86 -没有登录或token非法，跳转登录界面！当前URL=/home/user/info
2025-03-22 13:11:51.572 INFO [http-nio-8080-exec-3]com.yjq.programmer.interceptor.home.UserLoginInterceptor.preHandle:49 -当前URL=/home/user/login
2025-03-22 13:11:51.574 INFO [http-nio-8080-exec-3]com.yjq.programmer.interceptor.home.UserLoginInterceptor.preHandle:50 -当前路径获取到的token=eyJ0eXAiOiJKV1QiLCJhbGciOiJIUzI1NiJ9.eyJwaG9uZSI6IjE3MzQxNzAxNzIwIiwiaWQiOiIxMSIsImV4cCI6MTc0MzIyNTA4OCwiaGVhZFBpYyI6ImNvbW1vbi91c2VyX2ltZy5qcGciLCJlbWFpbCI6ImN5MjM5Mzg1NTIxM0AxNjMuQ09NIiwidXNlcm5hbWUiOiJidXkxIn0.__lBfhYmAOaX0_wjqjxCL9Q7nMutUCzyz_q6RGzS0AQ
2025-03-22 13:11:58.345 INFO [http-nio-8080-exec-8]com.yjq.programmer.interceptor.home.UserLoginInterceptor.preHandle:49 -当前URL=/home/user/login
2025-03-22 13:11:58.345 INFO [http-nio-8080-exec-8]com.yjq.programmer.interceptor.home.UserLoginInterceptor.preHandle:50 -当前路径获取到的token=eyJ0eXAiOiJKV1QiLCJhbGciOiJIUzI1NiJ9.eyJwaG9uZSI6IjE3MzQxNzAxNzIwIiwiaWQiOiIxMSIsImV4cCI6MTc0MzIyNTA4OCwiaGVhZFBpYyI6ImNvbW1vbi91c2VyX2ltZy5qcGciLCJlbWFpbCI6ImN5MjM5Mzg1NTIxM0AxNjMuQ09NIiwidXNlcm5hbWUiOiJidXkxIn0.__lBfhYmAOaX0_wjqjxCL9Q7nMutUCzyz_q6RGzS0AQ
2025-03-22 13:12:06.247 INFO [http-nio-8080-exec-1]com.yjq.programmer.interceptor.home.UserLoginInterceptor.preHandle:49 -当前URL=/home/user/login
2025-03-22 13:12:06.247 INFO [http-nio-8080-exec-1]com.yjq.programmer.interceptor.home.UserLoginInterceptor.preHandle:50 -当前路径获取到的token=eyJ0eXAiOiJKV1QiLCJhbGciOiJIUzI1NiJ9.eyJwaG9uZSI6IjE3MzQxNzAxNzIwIiwiaWQiOiIxMSIsImV4cCI6MTc0MzIyNTA4OCwiaGVhZFBpYyI6ImNvbW1vbi91c2VyX2ltZy5qcGciLCJlbWFpbCI6ImN5MjM5Mzg1NTIxM0AxNjMuQ09NIiwidXNlcm5hbWUiOiJidXkxIn0.__lBfhYmAOaX0_wjqjxCL9Q7nMutUCzyz_q6RGzS0AQ
2025-03-22 13:12:08.302 INFO [http-nio-8080-exec-1]com.yjq.programmer.util.JWTUtil.getToken:46 -生成的token=eyJ0eXAiOiJKV1QiLCJhbGciOiJIUzI1NiJ9.eyJwaG9uZSI6IjE3MzQxNzAxNzIwIiwiaWQiOiIxMSIsImV4cCI6MTc0MzIyNTEyOCwiaGVhZFBpYyI6ImNvbW1vbi91c2VyX2ltZy5qcGciLCJlbWFpbCI6ImN5MjM5Mzg1NTIxM0AxNjMuQ09NIiwidXNlcm5hbWUiOiJidXkxIn0.w7nBAUIq6JS02YV5Iv6aoW6eKMzAiKCrrwOqXaUr6WU
2025-03-22 13:12:08.327 INFO [http-nio-8080-exec-3]com.yjq.programmer.interceptor.home.UserLoginInterceptor.preHandle:49 -当前URL=/home/system/index
2025-03-22 13:12:08.327 INFO [http-nio-8080-exec-3]com.yjq.programmer.interceptor.home.UserLoginInterceptor.preHandle:50 -当前路径获取到的token=eyJ0eXAiOiJKV1QiLCJhbGciOiJIUzI1NiJ9.eyJwaG9uZSI6IjE3MzQxNzAxNzIwIiwiaWQiOiIxMSIsImV4cCI6MTc0MzIyNTEyOCwiaGVhZFBpYyI6ImNvbW1vbi91c2VyX2ltZy5qcGciLCJlbWFpbCI6ImN5MjM5Mzg1NTIxM0AxNjMuQ09NIiwidXNlcm5hbWUiOiJidXkxIn0.w7nBAUIq6JS02YV5Iv6aoW6eKMzAiKCrrwOqXaUr6WU
2025-03-22 13:12:10.168 INFO [http-nio-8080-exec-6]com.yjq.programmer.interceptor.home.UserLoginInterceptor.preHandle:49 -当前URL=/home/user/login
2025-03-22 13:12:10.168 INFO [http-nio-8080-exec-6]com.yjq.programmer.interceptor.home.UserLoginInterceptor.preHandle:50 -当前路径获取到的token=eyJ0eXAiOiJKV1QiLCJhbGciOiJIUzI1NiJ9.eyJwaG9uZSI6IjE3MzQxNzAxNzIwIiwiaWQiOiIxMSIsImV4cCI6MTc0MzIyNTEyOCwiaGVhZFBpYyI6ImNvbW1vbi91c2VyX2ltZy5qcGciLCJlbWFpbCI6ImN5MjM5Mzg1NTIxM0AxNjMuQ09NIiwidXNlcm5hbWUiOiJidXkxIn0.w7nBAUIq6JS02YV5Iv6aoW6eKMzAiKCrrwOqXaUr6WU
2025-03-22 13:12:12.059 INFO [http-nio-8080-exec-3]com.yjq.programmer.interceptor.home.UserLoginInterceptor.preHandle:49 -当前URL=/home/user/info
2025-03-22 13:12:12.059 INFO [http-nio-8080-exec-3]com.yjq.programmer.interceptor.home.UserLoginInterceptor.preHandle:50 -当前路径获取到的token=eyJ0eXAiOiJKV1QiLCJhbGciOiJIUzI1NiJ9.eyJwaG9uZSI6IjE3MzQxNzAxNzIwIiwiaWQiOiIxMSIsImV4cCI6MTc0MzIyNTEyOCwiaGVhZFBpYyI6ImNvbW1vbi91c2VyX2ltZy5qcGciLCJlbWFpbCI6ImN5MjM5Mzg1NTIxM0AxNjMuQ09NIiwidXNlcm5hbWUiOiJidXkxIn0.w7nBAUIq6JS02YV5Iv6aoW6eKMzAiKCrrwOqXaUr6WU
2025-03-22 13:12:12.407 INFO [http-nio-8080-exec-6]com.yjq.programmer.util.JWTUtil.getToken:46 -生成的token=eyJ0eXAiOiJKV1QiLCJhbGciOiJIUzI1NiJ9.eyJwaG9uZSI6IjE3MzQxNzAxNzIwIiwiaWQiOiIxMSIsImV4cCI6MTc0MzIyNTEzMiwiaGVhZFBpYyI6ImNvbW1vbi91c2VyX2ltZy5qcGciLCJlbWFpbCI6ImN5MjM5Mzg1NTIxM0AxNjMuQ09NIiwidXNlcm5hbWUiOiJidXkxIn0.D7r7fffHpGTkJPlTFLpUs4iyslDynj-lATMDQZ3fEhE
2025-03-22 13:12:14.425 INFO [http-nio-8080-exec-3]com.yjq.programmer.interceptor.home.UserLoginInterceptor.preHandle:86 -没有登录或token非法，跳转登录界面！当前URL=/home/user/info
2025-03-22 13:12:14.430 INFO [http-nio-8080-exec-9]com.yjq.programmer.interceptor.home.UserLoginInterceptor.preHandle:49 -当前URL=/home/user/login
2025-03-22 13:12:14.430 INFO [http-nio-8080-exec-9]com.yjq.programmer.interceptor.home.UserLoginInterceptor.preHandle:50 -当前路径获取到的token=eyJ0eXAiOiJKV1QiLCJhbGciOiJIUzI1NiJ9.eyJwaG9uZSI6IjE3MzQxNzAxNzIwIiwiaWQiOiIxMSIsImV4cCI6MTc0MzIyNTEyOCwiaGVhZFBpYyI6ImNvbW1vbi91c2VyX2ltZy5qcGciLCJlbWFpbCI6ImN5MjM5Mzg1NTIxM0AxNjMuQ09NIiwidXNlcm5hbWUiOiJidXkxIn0.w7nBAUIq6JS02YV5Iv6aoW6eKMzAiKCrrwOqXaUr6WU
2025-03-22 13:12:25.578 INFO [Thread-17]o.s.scheduling.concurrent.ThreadPoolTaskExecutor.shutdown:208 -Shutting down ExecutorService 'applicationTaskExecutor'
2025-03-22 13:12:25.579 INFO [Thread-17]com.zaxxer.hikari.HikariDataSource.close:350 -HikariPool-1 - Shutdown initiated...
2025-03-22 13:12:25.586 INFO [Thread-17]com.zaxxer.hikari.HikariDataSource.close:352 -HikariPool-1 - Shutdown completed.
2025-03-22 13:12:31.058 INFO [restartedMain]com.yjq.programmer.FruitAndVegetableShop.logStarting:50 -Starting FruitAndVegetableShop on DESKTOP-PORB235 with PID 3016 (started by 86173 in F:\Springboot_Vegetable_shopping-master\项目源码\FruitAndVegetableShop)
2025-03-22 13:12:31.060 INFO [restartedMain]com.yjq.programmer.FruitAndVegetableShop.logStartupProfileInfo:651 -The following profiles are active: dev
2025-03-22 13:12:31.136 INFO [restartedMain]o.s.b.devtools.env.DevToolsPropertyDefaultsPostProcessor.logTo:225 -Devtools property defaults active! Set 'spring.devtools.add-properties' to 'false' to disable
2025-03-22 13:12:31.136 INFO [restartedMain]o.s.b.devtools.env.DevToolsPropertyDefaultsPostProcessor.logTo:225 -For additional web related logging consider setting the 'logging.level.web' property to 'DEBUG'
2025-03-22 13:12:31.792 INFO [restartedMain]o.s.d.repository.config.RepositoryConfigurationDelegate.multipleStoresDetected:244 -Multiple Spring Data modules found, entering strict repository configuration mode!
2025-03-22 13:12:31.794 INFO [restartedMain]o.s.d.repository.config.RepositoryConfigurationDelegate.registerRepositoriesIn:126 -Bootstrapping Spring Data repositories in DEFAULT mode.
2025-03-22 13:12:31.834 INFO [restartedMain]o.s.d.repository.config.RepositoryConfigurationDelegate.registerRepositoriesIn:182 -Finished Spring Data repository scanning in 21ms. Found 0 repository interfaces.
2025-03-22 13:12:32.140 INFO [restartedMain]o.s.c.s.PostProcessorRegistrationDelegate$BeanPostProcessorChecker.postProcessAfterInitialization:330 -Bean 'org.springframework.transaction.annotation.ProxyTransactionManagementConfiguration' of type [org.springframework.transaction.annotation.ProxyTransactionManagementConfiguration$$EnhancerBySpringCGLIB$$8dbf1379] is not eligible for getting processed by all BeanPostProcessors (for example: not eligible for auto-proxying)
2025-03-22 13:12:32.375 INFO [restartedMain]o.s.boot.web.embedded.tomcat.TomcatWebServer.initialize:90 -Tomcat initialized with port(s): 8080 (http)
2025-03-22 13:12:32.387 INFO [restartedMain]org.apache.coyote.http11.Http11NioProtocol.log:173 -Initializing ProtocolHandler ["http-nio-8080"]
2025-03-22 13:12:32.394 INFO [restartedMain]org.apache.catalina.core.StandardService.log:173 -Starting service [Tomcat]
2025-03-22 13:12:32.394 INFO [restartedMain]org.apache.catalina.core.StandardEngine.log:173 -Starting Servlet engine: [Apache Tomcat/9.0.22]
2025-03-22 13:12:32.482 INFO [restartedMain]o.a.catalina.core.ContainerBase.[Tomcat].[localhost].[/].log:173 -Initializing Spring embedded WebApplicationContext
2025-03-22 13:12:32.482 INFO [restartedMain]org.springframework.web.context.ContextLoader.prepareWebApplicationContext:284 -Root WebApplicationContext: initialization completed in 1346 ms
2025-03-22 13:12:33.454 INFO [restartedMain]o.s.scheduling.concurrent.ThreadPoolTaskExecutor.initialize:171 -Initializing ExecutorService 'applicationTaskExecutor'
2025-03-22 13:12:34.614 INFO [restartedMain]o.s.boot.devtools.autoconfigure.OptionalLiveReloadServer.startServer:57 -LiveReload server is running on port 35729
2025-03-22 13:12:34.639 INFO [restartedMain]org.apache.coyote.http11.Http11NioProtocol.log:173 -Starting ProtocolHandler ["http-nio-8080"]
2025-03-22 13:12:34.658 INFO [restartedMain]o.s.boot.web.embedded.tomcat.TomcatWebServer.start:202 -Tomcat started on port(s): 8080 (http) with context path ''
2025-03-22 13:12:34.660 INFO [restartedMain]com.yjq.programmer.FruitAndVegetableShop.logStarted:59 -Started FruitAndVegetableShop in 4.139 seconds (JVM running for 5.178)
2025-03-22 13:13:02.206 INFO [http-nio-8080-exec-1]o.a.catalina.core.ContainerBase.[Tomcat].[localhost].[/].log:173 -Initializing Spring DispatcherServlet 'dispatcherServlet'
2025-03-22 13:13:02.206 INFO [http-nio-8080-exec-1]org.springframework.web.servlet.DispatcherServlet.initServletBean:524 -Initializing Servlet 'dispatcherServlet'
2025-03-22 13:13:02.213 INFO [http-nio-8080-exec-1]org.springframework.web.servlet.DispatcherServlet.initServletBean:546 -Completed initialization in 7 ms
2025-03-22 13:13:02.389 INFO [http-nio-8080-exec-6]com.yjq.programmer.controller.common.CpachaController.generateCpacha:51 -验证码成功生成，method=admin_login,value=FQFP
2025-03-22 13:13:54.417 INFO [http-nio-8080-exec-9]com.yjq.programmer.interceptor.home.UserLoginInterceptor.preHandle:49 -当前URL=/home/system/index
2025-03-22 13:13:54.418 INFO [http-nio-8080-exec-9]com.yjq.programmer.interceptor.home.UserLoginInterceptor.preHandle:50 -当前路径获取到的token=eyJ0eXAiOiJKV1QiLCJhbGciOiJIUzI1NiJ9.eyJwaG9uZSI6IjE3MzQxNzAxNzIwIiwiaWQiOiIxMSIsImV4cCI6MTc0MzIyNTEyOCwiaGVhZFBpYyI6ImNvbW1vbi91c2VyX2ltZy5qcGciLCJlbWFpbCI6ImN5MjM5Mzg1NTIxM0AxNjMuQ09NIiwidXNlcm5hbWUiOiJidXkxIn0.w7nBAUIq6JS02YV5Iv6aoW6eKMzAiKCrrwOqXaUr6WU
2025-03-22 13:13:54.574 INFO [http-nio-8080-exec-9]io.lettuce.core.EpollProvider.<clinit>:68 -Starting without optional epoll library
2025-03-22 13:13:54.575 INFO [http-nio-8080-exec-9]io.lettuce.core.KqueueProvider.<clinit>:70 -Starting without optional kqueue library
2025-03-22 13:13:59.839 INFO [http-nio-8080-exec-3]com.yjq.programmer.interceptor.home.UserLoginInterceptor.preHandle:49 -当前URL=/home/user/info
2025-03-22 13:13:59.839 INFO [http-nio-8080-exec-3]com.yjq.programmer.interceptor.home.UserLoginInterceptor.preHandle:50 -当前路径获取到的token=eyJ0eXAiOiJKV1QiLCJhbGciOiJIUzI1NiJ9.eyJwaG9uZSI6IjE3MzQxNzAxNzIwIiwiaWQiOiIxMSIsImV4cCI6MTc0MzIyNTEyOCwiaGVhZFBpYyI6ImNvbW1vbi91c2VyX2ltZy5qcGciLCJlbWFpbCI6ImN5MjM5Mzg1NTIxM0AxNjMuQ09NIiwidXNlcm5hbWUiOiJidXkxIn0.w7nBAUIq6JS02YV5Iv6aoW6eKMzAiKCrrwOqXaUr6WU
2025-03-22 13:14:01.858 INFO [http-nio-8080-exec-3]com.yjq.programmer.interceptor.home.UserLoginInterceptor.preHandle:86 -没有登录或token非法，跳转登录界面！当前URL=/home/user/info
2025-03-22 13:14:01.863 INFO [http-nio-8080-exec-1]com.yjq.programmer.interceptor.home.UserLoginInterceptor.preHandle:49 -当前URL=/home/user/login
2025-03-22 13:14:01.864 INFO [http-nio-8080-exec-1]com.yjq.programmer.interceptor.home.UserLoginInterceptor.preHandle:50 -当前路径获取到的token=eyJ0eXAiOiJKV1QiLCJhbGciOiJIUzI1NiJ9.eyJwaG9uZSI6IjE3MzQxNzAxNzIwIiwiaWQiOiIxMSIsImV4cCI6MTc0MzIyNTEyOCwiaGVhZFBpYyI6ImNvbW1vbi91c2VyX2ltZy5qcGciLCJlbWFpbCI6ImN5MjM5Mzg1NTIxM0AxNjMuQ09NIiwidXNlcm5hbWUiOiJidXkxIn0.w7nBAUIq6JS02YV5Iv6aoW6eKMzAiKCrrwOqXaUr6WU
2025-03-22 13:18:05.523 INFO [Thread-18]o.s.scheduling.concurrent.ThreadPoolTaskExecutor.shutdown:208 -Shutting down ExecutorService 'applicationTaskExecutor'
2025-03-22 13:18:09.748 INFO [restartedMain]com.yjq.programmer.FruitAndVegetableShop.logStarting:50 -Starting FruitAndVegetableShop on DESKTOP-PORB235 with PID 4280 (started by 86173 in F:\Springboot_Vegetable_shopping-master\项目源码\FruitAndVegetableShop)
2025-03-22 13:18:09.750 INFO [restartedMain]com.yjq.programmer.FruitAndVegetableShop.logStartupProfileInfo:651 -The following profiles are active: dev
2025-03-22 13:18:09.832 INFO [restartedMain]o.s.b.devtools.env.DevToolsPropertyDefaultsPostProcessor.logTo:225 -Devtools property defaults active! Set 'spring.devtools.add-properties' to 'false' to disable
2025-03-22 13:18:09.832 INFO [restartedMain]o.s.b.devtools.env.DevToolsPropertyDefaultsPostProcessor.logTo:225 -For additional web related logging consider setting the 'logging.level.web' property to 'DEBUG'
2025-03-22 13:18:10.418 INFO [restartedMain]o.s.d.repository.config.RepositoryConfigurationDelegate.multipleStoresDetected:244 -Multiple Spring Data modules found, entering strict repository configuration mode!
2025-03-22 13:18:10.421 INFO [restartedMain]o.s.d.repository.config.RepositoryConfigurationDelegate.registerRepositoriesIn:126 -Bootstrapping Spring Data repositories in DEFAULT mode.
2025-03-22 13:18:10.471 INFO [restartedMain]o.s.d.repository.config.RepositoryConfigurationDelegate.registerRepositoriesIn:182 -Finished Spring Data repository scanning in 31ms. Found 0 repository interfaces.
2025-03-22 13:18:10.812 INFO [restartedMain]o.s.c.s.PostProcessorRegistrationDelegate$BeanPostProcessorChecker.postProcessAfterInitialization:330 -Bean 'org.springframework.transaction.annotation.ProxyTransactionManagementConfiguration' of type [org.springframework.transaction.annotation.ProxyTransactionManagementConfiguration$$EnhancerBySpringCGLIB$$3aefd3f1] is not eligible for getting processed by all BeanPostProcessors (for example: not eligible for auto-proxying)
2025-03-22 13:18:11.096 INFO [restartedMain]o.s.boot.web.embedded.tomcat.TomcatWebServer.initialize:90 -Tomcat initialized with port(s): 8080 (http)
2025-03-22 13:18:11.114 INFO [restartedMain]org.apache.coyote.http11.Http11NioProtocol.log:173 -Initializing ProtocolHandler ["http-nio-8080"]
2025-03-22 13:18:11.121 INFO [restartedMain]org.apache.catalina.core.StandardService.log:173 -Starting service [Tomcat]
2025-03-22 13:18:11.121 INFO [restartedMain]org.apache.catalina.core.StandardEngine.log:173 -Starting Servlet engine: [Apache Tomcat/9.0.22]
2025-03-22 13:18:11.227 INFO [restartedMain]o.a.catalina.core.ContainerBase.[Tomcat].[localhost].[/].log:173 -Initializing Spring embedded WebApplicationContext
2025-03-22 13:18:11.227 INFO [restartedMain]org.springframework.web.context.ContextLoader.prepareWebApplicationContext:284 -Root WebApplicationContext: initialization completed in 1395 ms
2025-03-22 13:18:12.160 INFO [restartedMain]o.s.scheduling.concurrent.ThreadPoolTaskExecutor.initialize:171 -Initializing ExecutorService 'applicationTaskExecutor'
2025-03-22 13:18:13.093 INFO [restartedMain]o.s.boot.devtools.autoconfigure.OptionalLiveReloadServer.startServer:57 -LiveReload server is running on port 35729
2025-03-22 13:18:13.117 INFO [restartedMain]org.apache.coyote.http11.Http11NioProtocol.log:173 -Starting ProtocolHandler ["http-nio-8080"]
2025-03-22 13:18:13.135 INFO [restartedMain]o.s.boot.web.embedded.tomcat.TomcatWebServer.start:202 -Tomcat started on port(s): 8080 (http) with context path ''
2025-03-22 13:18:13.137 INFO [restartedMain]com.yjq.programmer.FruitAndVegetableShop.logStarted:59 -Started FruitAndVegetableShop in 3.827 seconds (JVM running for 4.856)
2025-03-22 13:18:35.325 INFO [http-nio-8080-exec-1]o.a.catalina.core.ContainerBase.[Tomcat].[localhost].[/].log:173 -Initializing Spring DispatcherServlet 'dispatcherServlet'
2025-03-22 13:18:35.325 INFO [http-nio-8080-exec-1]org.springframework.web.servlet.DispatcherServlet.initServletBean:524 -Initializing Servlet 'dispatcherServlet'
2025-03-22 13:18:35.330 INFO [http-nio-8080-exec-1]org.springframework.web.servlet.DispatcherServlet.initServletBean:546 -Completed initialization in 5 ms
2025-03-22 13:18:35.343 INFO [http-nio-8080-exec-1]com.yjq.programmer.interceptor.home.UserLoginInterceptor.preHandle:49 -当前URL=/home/system/index
2025-03-22 13:18:35.344 INFO [http-nio-8080-exec-1]com.yjq.programmer.interceptor.home.UserLoginInterceptor.preHandle:50 -当前路径获取到的token=eyJ0eXAiOiJKV1QiLCJhbGciOiJIUzI1NiJ9.eyJwaG9uZSI6IjE3MzQxNzAxNzIwIiwiaWQiOiIxMSIsImV4cCI6MTc0MzIyNTEyOCwiaGVhZFBpYyI6ImNvbW1vbi91c2VyX2ltZy5qcGciLCJlbWFpbCI6ImN5MjM5Mzg1NTIxM0AxNjMuQ09NIiwidXNlcm5hbWUiOiJidXkxIn0.w7nBAUIq6JS02YV5Iv6aoW6eKMzAiKCrrwOqXaUr6WU
2025-03-22 13:18:35.464 INFO [http-nio-8080-exec-1]io.lettuce.core.EpollProvider.<clinit>:68 -Starting without optional epoll library
2025-03-22 13:18:35.465 INFO [http-nio-8080-exec-1]io.lettuce.core.KqueueProvider.<clinit>:70 -Starting without optional kqueue library
2025-03-22 13:18:41.681 INFO [http-nio-8080-exec-2]com.yjq.programmer.interceptor.home.UserLoginInterceptor.preHandle:49 -当前URL=/home/user/info
2025-03-22 13:18:41.681 INFO [http-nio-8080-exec-2]com.yjq.programmer.interceptor.home.UserLoginInterceptor.preHandle:50 -当前路径获取到的token=eyJ0eXAiOiJKV1QiLCJhbGciOiJIUzI1NiJ9.eyJwaG9uZSI6IjE3MzQxNzAxNzIwIiwiaWQiOiIxMSIsImV4cCI6MTc0MzIyNTEyOCwiaGVhZFBpYyI6ImNvbW1vbi91c2VyX2ltZy5qcGciLCJlbWFpbCI6ImN5MjM5Mzg1NTIxM0AxNjMuQ09NIiwidXNlcm5hbWUiOiJidXkxIn0.w7nBAUIq6JS02YV5Iv6aoW6eKMzAiKCrrwOqXaUr6WU
2025-03-22 13:18:43.992 INFO [http-nio-8080-exec-2]com.yjq.programmer.interceptor.home.UserLoginInterceptor.preHandle:49 -当前URL=/home/user/info
2025-03-22 13:18:43.992 INFO [http-nio-8080-exec-2]com.yjq.programmer.interceptor.home.UserLoginInterceptor.preHandle:50 -当前路径获取到的token=eyJ0eXAiOiJKV1QiLCJhbGciOiJIUzI1NiJ9.eyJwaG9uZSI6IjE3MzQxNzAxNzIwIiwiaWQiOiIxMSIsImV4cCI6MTc0MzIyNTEyOCwiaGVhZFBpYyI6ImNvbW1vbi91c2VyX2ltZy5qcGciLCJlbWFpbCI6ImN5MjM5Mzg1NTIxM0AxNjMuQ09NIiwidXNlcm5hbWUiOiJidXkxIn0.w7nBAUIq6JS02YV5Iv6aoW6eKMzAiKCrrwOqXaUr6WU
2025-03-22 13:18:45.622 INFO [http-nio-8080-exec-7]com.yjq.programmer.interceptor.home.UserLoginInterceptor.preHandle:49 -当前URL=/home/user/order
2025-03-22 13:18:45.622 INFO [http-nio-8080-exec-7]com.yjq.programmer.interceptor.home.UserLoginInterceptor.preHandle:50 -当前路径获取到的token=eyJ0eXAiOiJKV1QiLCJhbGciOiJIUzI1NiJ9.eyJwaG9uZSI6IjE3MzQxNzAxNzIwIiwiaWQiOiIxMSIsImV4cCI6MTc0MzIyNTEyOCwiaGVhZFBpYyI6ImNvbW1vbi91c2VyX2ltZy5qcGciLCJlbWFpbCI6ImN5MjM5Mzg1NTIxM0AxNjMuQ09NIiwidXNlcm5hbWUiOiJidXkxIn0.w7nBAUIq6JS02YV5Iv6aoW6eKMzAiKCrrwOqXaUr6WU
2025-03-22 13:18:45.645 INFO [http-nio-8080-exec-7]com.zaxxer.hikari.HikariDataSource.getConnection:110 -HikariPool-1 - Starting...
2025-03-22 13:18:45.752 INFO [http-nio-8080-exec-7]com.zaxxer.hikari.HikariDataSource.getConnection:123 -HikariPool-1 - Start completed.
2025-03-22 13:18:52.880 INFO [http-nio-8080-exec-3]com.yjq.programmer.interceptor.home.UserLoginInterceptor.preHandle:49 -当前URL=/home/product/fruit
2025-03-22 13:18:52.880 INFO [http-nio-8080-exec-3]com.yjq.programmer.interceptor.home.UserLoginInterceptor.preHandle:50 -当前路径获取到的token=eyJ0eXAiOiJKV1QiLCJhbGciOiJIUzI1NiJ9.eyJwaG9uZSI6IjE3MzQxNzAxNzIwIiwiaWQiOiIxMSIsImV4cCI6MTc0MzIyNTEyOCwiaGVhZFBpYyI6ImNvbW1vbi91c2VyX2ltZy5qcGciLCJlbWFpbCI6ImN5MjM5Mzg1NTIxM0AxNjMuQ09NIiwidXNlcm5hbWUiOiJidXkxIn0.w7nBAUIq6JS02YV5Iv6aoW6eKMzAiKCrrwOqXaUr6WU
2025-03-22 13:19:04.915 INFO [http-nio-8080-exec-6]com.yjq.programmer.interceptor.home.UserLoginInterceptor.preHandle:49 -当前URL=/home/cart/add
2025-03-22 13:19:04.915 INFO [http-nio-8080-exec-6]com.yjq.programmer.interceptor.home.UserLoginInterceptor.preHandle:50 -当前路径获取到的token=eyJ0eXAiOiJKV1QiLCJhbGciOiJIUzI1NiJ9.eyJwaG9uZSI6IjE3MzQxNzAxNzIwIiwiaWQiOiIxMSIsImV4cCI6MTc0MzIyNTEyOCwiaGVhZFBpYyI6ImNvbW1vbi91c2VyX2ltZy5qcGciLCJlbWFpbCI6ImN5MjM5Mzg1NTIxM0AxNjMuQ09NIiwidXNlcm5hbWUiOiJidXkxIn0.w7nBAUIq6JS02YV5Iv6aoW6eKMzAiKCrrwOqXaUr6WU
2025-03-22 13:19:05.829 INFO [http-nio-8080-exec-3]com.yjq.programmer.interceptor.home.UserLoginInterceptor.preHandle:49 -当前URL=/home/product/fruit
2025-03-22 13:19:05.829 INFO [http-nio-8080-exec-3]com.yjq.programmer.interceptor.home.UserLoginInterceptor.preHandle:50 -当前路径获取到的token=eyJ0eXAiOiJKV1QiLCJhbGciOiJIUzI1NiJ9.eyJwaG9uZSI6IjE3MzQxNzAxNzIwIiwiaWQiOiIxMSIsImV4cCI6MTc0MzIyNTEyOCwiaGVhZFBpYyI6ImNvbW1vbi91c2VyX2ltZy5qcGciLCJlbWFpbCI6ImN5MjM5Mzg1NTIxM0AxNjMuQ09NIiwidXNlcm5hbWUiOiJidXkxIn0.w7nBAUIq6JS02YV5Iv6aoW6eKMzAiKCrrwOqXaUr6WU
2025-03-22 13:19:14.351 INFO [http-nio-8080-exec-8]com.yjq.programmer.interceptor.home.UserLoginInterceptor.preHandle:49 -当前URL=/home/user/info
2025-03-22 13:19:14.351 INFO [http-nio-8080-exec-8]com.yjq.programmer.interceptor.home.UserLoginInterceptor.preHandle:50 -当前路径获取到的token=eyJ0eXAiOiJKV1QiLCJhbGciOiJIUzI1NiJ9.eyJwaG9uZSI6IjE3MzQxNzAxNzIwIiwiaWQiOiIxMSIsImV4cCI6MTc0MzIyNTEyOCwiaGVhZFBpYyI6ImNvbW1vbi91c2VyX2ltZy5qcGciLCJlbWFpbCI6ImN5MjM5Mzg1NTIxM0AxNjMuQ09NIiwidXNlcm5hbWUiOiJidXkxIn0.w7nBAUIq6JS02YV5Iv6aoW6eKMzAiKCrrwOqXaUr6WU
2025-03-22 13:19:23.242 INFO [http-nio-8080-exec-8]com.yjq.programmer.interceptor.home.UserLoginInterceptor.preHandle:49 -当前URL=/home/user/update_passwd
2025-03-22 13:19:23.242 INFO [http-nio-8080-exec-8]com.yjq.programmer.interceptor.home.UserLoginInterceptor.preHandle:50 -当前路径获取到的token=eyJ0eXAiOiJKV1QiLCJhbGciOiJIUzI1NiJ9.eyJwaG9uZSI6IjE3MzQxNzAxNzIwIiwiaWQiOiIxMSIsImV4cCI6MTc0MzIyNTEyOCwiaGVhZFBpYyI6ImNvbW1vbi91c2VyX2ltZy5qcGciLCJlbWFpbCI6ImN5MjM5Mzg1NTIxM0AxNjMuQ09NIiwidXNlcm5hbWUiOiJidXkxIn0.w7nBAUIq6JS02YV5Iv6aoW6eKMzAiKCrrwOqXaUr6WU
2025-03-22 13:19:25.523 INFO [http-nio-8080-exec-9]com.yjq.programmer.interceptor.home.UserLoginInterceptor.preHandle:49 -当前URL=/home/user/order
2025-03-22 13:19:25.524 INFO [http-nio-8080-exec-9]com.yjq.programmer.interceptor.home.UserLoginInterceptor.preHandle:50 -当前路径获取到的token=eyJ0eXAiOiJKV1QiLCJhbGciOiJIUzI1NiJ9.eyJwaG9uZSI6IjE3MzQxNzAxNzIwIiwiaWQiOiIxMSIsImV4cCI6MTc0MzIyNTEyOCwiaGVhZFBpYyI6ImNvbW1vbi91c2VyX2ltZy5qcGciLCJlbWFpbCI6ImN5MjM5Mzg1NTIxM0AxNjMuQ09NIiwidXNlcm5hbWUiOiJidXkxIn0.w7nBAUIq6JS02YV5Iv6aoW6eKMzAiKCrrwOqXaUr6WU
2025-03-22 13:19:30.514 INFO [http-nio-8080-exec-9]com.yjq.programmer.interceptor.home.UserLoginInterceptor.preHandle:49 -当前URL=/home/user/comment
2025-03-22 13:19:30.514 INFO [http-nio-8080-exec-9]com.yjq.programmer.interceptor.home.UserLoginInterceptor.preHandle:50 -当前路径获取到的token=eyJ0eXAiOiJKV1QiLCJhbGciOiJIUzI1NiJ9.eyJwaG9uZSI6IjE3MzQxNzAxNzIwIiwiaWQiOiIxMSIsImV4cCI6MTc0MzIyNTEyOCwiaGVhZFBpYyI6ImNvbW1vbi91c2VyX2ltZy5qcGciLCJlbWFpbCI6ImN5MjM5Mzg1NTIxM0AxNjMuQ09NIiwidXNlcm5hbWUiOiJidXkxIn0.w7nBAUIq6JS02YV5Iv6aoW6eKMzAiKCrrwOqXaUr6WU
2025-03-22 13:19:33.061 INFO [http-nio-8080-exec-4]com.yjq.programmer.interceptor.home.UserLoginInterceptor.preHandle:49 -当前URL=/home/collect/index
2025-03-22 13:19:33.061 INFO [http-nio-8080-exec-4]com.yjq.programmer.interceptor.home.UserLoginInterceptor.preHandle:50 -当前路径获取到的token=eyJ0eXAiOiJKV1QiLCJhbGciOiJIUzI1NiJ9.eyJwaG9uZSI6IjE3MzQxNzAxNzIwIiwiaWQiOiIxMSIsImV4cCI6MTc0MzIyNTEyOCwiaGVhZFBpYyI6ImNvbW1vbi91c2VyX2ltZy5qcGciLCJlbWFpbCI6ImN5MjM5Mzg1NTIxM0AxNjMuQ09NIiwidXNlcm5hbWUiOiJidXkxIn0.w7nBAUIq6JS02YV5Iv6aoW6eKMzAiKCrrwOqXaUr6WU
2025-03-22 13:19:34.570 INFO [http-nio-8080-exec-1]com.yjq.programmer.interceptor.home.UserLoginInterceptor.preHandle:49 -当前URL=/home/user/comment
2025-03-22 13:19:34.571 INFO [http-nio-8080-exec-1]com.yjq.programmer.interceptor.home.UserLoginInterceptor.preHandle:50 -当前路径获取到的token=eyJ0eXAiOiJKV1QiLCJhbGciOiJIUzI1NiJ9.eyJwaG9uZSI6IjE3MzQxNzAxNzIwIiwiaWQiOiIxMSIsImV4cCI6MTc0MzIyNTEyOCwiaGVhZFBpYyI6ImNvbW1vbi91c2VyX2ltZy5qcGciLCJlbWFpbCI6ImN5MjM5Mzg1NTIxM0AxNjMuQ09NIiwidXNlcm5hbWUiOiJidXkxIn0.w7nBAUIq6JS02YV5Iv6aoW6eKMzAiKCrrwOqXaUr6WU
2025-03-22 13:19:35.831 INFO [http-nio-8080-exec-4]com.yjq.programmer.interceptor.home.UserLoginInterceptor.preHandle:49 -当前URL=/home/address/index
2025-03-22 13:19:35.831 INFO [http-nio-8080-exec-4]com.yjq.programmer.interceptor.home.UserLoginInterceptor.preHandle:50 -当前路径获取到的token=eyJ0eXAiOiJKV1QiLCJhbGciOiJIUzI1NiJ9.eyJwaG9uZSI6IjE3MzQxNzAxNzIwIiwiaWQiOiIxMSIsImV4cCI6MTc0MzIyNTEyOCwiaGVhZFBpYyI6ImNvbW1vbi91c2VyX2ltZy5qcGciLCJlbWFpbCI6ImN5MjM5Mzg1NTIxM0AxNjMuQ09NIiwidXNlcm5hbWUiOiJidXkxIn0.w7nBAUIq6JS02YV5Iv6aoW6eKMzAiKCrrwOqXaUr6WU
2025-03-22 13:19:35.904 INFO [http-nio-8080-exec-9]com.yjq.programmer.interceptor.home.UserLoginInterceptor.preHandle:49 -当前URL=/static/home/images/AD_page_img_02.png
2025-03-22 13:19:35.904 INFO [http-nio-8080-exec-9]com.yjq.programmer.interceptor.home.UserLoginInterceptor.preHandle:50 -当前路径获取到的token=eyJ0eXAiOiJKV1QiLCJhbGciOiJIUzI1NiJ9.eyJwaG9uZSI6IjE3MzQxNzAxNzIwIiwiaWQiOiIxMSIsImV4cCI6MTc0MzIyNTEyOCwiaGVhZFBpYyI6ImNvbW1vbi91c2VyX2ltZy5qcGciLCJlbWFpbCI6ImN5MjM5Mzg1NTIxM0AxNjMuQ09NIiwidXNlcm5hbWUiOiJidXkxIn0.w7nBAUIq6JS02YV5Iv6aoW6eKMzAiKCrrwOqXaUr6WU
2025-03-22 13:19:43.726 INFO [http-nio-8080-exec-3]com.yjq.programmer.interceptor.home.UserLoginInterceptor.preHandle:49 -当前URL=/home/user/info
2025-03-22 13:19:43.726 INFO [http-nio-8080-exec-3]com.yjq.programmer.interceptor.home.UserLoginInterceptor.preHandle:50 -当前路径获取到的token=eyJ0eXAiOiJKV1QiLCJhbGciOiJIUzI1NiJ9.eyJwaG9uZSI6IjE3MzQxNzAxNzIwIiwiaWQiOiIxMSIsImV4cCI6MTc0MzIyNTEyOCwiaGVhZFBpYyI6ImNvbW1vbi91c2VyX2ltZy5qcGciLCJlbWFpbCI6ImN5MjM5Mzg1NTIxM0AxNjMuQ09NIiwidXNlcm5hbWUiOiJidXkxIn0.w7nBAUIq6JS02YV5Iv6aoW6eKMzAiKCrrwOqXaUr6WU
2025-03-22 13:19:47.351 INFO [http-nio-8080-exec-3]com.yjq.programmer.interceptor.home.UserLoginInterceptor.preHandle:49 -当前URL=/home/product/fruit
2025-03-22 13:19:47.351 INFO [http-nio-8080-exec-3]com.yjq.programmer.interceptor.home.UserLoginInterceptor.preHandle:50 -当前路径获取到的token=eyJ0eXAiOiJKV1QiLCJhbGciOiJIUzI1NiJ9.eyJwaG9uZSI6IjE3MzQxNzAxNzIwIiwiaWQiOiIxMSIsImV4cCI6MTc0MzIyNTEyOCwiaGVhZFBpYyI6ImNvbW1vbi91c2VyX2ltZy5qcGciLCJlbWFpbCI6ImN5MjM5Mzg1NTIxM0AxNjMuQ09NIiwidXNlcm5hbWUiOiJidXkxIn0.w7nBAUIq6JS02YV5Iv6aoW6eKMzAiKCrrwOqXaUr6WU
2025-03-22 13:19:48.871 INFO [http-nio-8080-exec-7]com.yjq.programmer.interceptor.home.UserLoginInterceptor.preHandle:49 -当前URL=/home/cart/add
2025-03-22 13:19:48.871 INFO [http-nio-8080-exec-7]com.yjq.programmer.interceptor.home.UserLoginInterceptor.preHandle:50 -当前路径获取到的token=eyJ0eXAiOiJKV1QiLCJhbGciOiJIUzI1NiJ9.eyJwaG9uZSI6IjE3MzQxNzAxNzIwIiwiaWQiOiIxMSIsImV4cCI6MTc0MzIyNTEyOCwiaGVhZFBpYyI6ImNvbW1vbi91c2VyX2ltZy5qcGciLCJlbWFpbCI6ImN5MjM5Mzg1NTIxM0AxNjMuQ09NIiwidXNlcm5hbWUiOiJidXkxIn0.w7nBAUIq6JS02YV5Iv6aoW6eKMzAiKCrrwOqXaUr6WU
2025-03-22 13:19:49.624 INFO [http-nio-8080-exec-5]com.yjq.programmer.interceptor.home.UserLoginInterceptor.preHandle:49 -当前URL=/home/product/fruit
2025-03-22 13:19:49.624 INFO [http-nio-8080-exec-5]com.yjq.programmer.interceptor.home.UserLoginInterceptor.preHandle:50 -当前路径获取到的token=eyJ0eXAiOiJKV1QiLCJhbGciOiJIUzI1NiJ9.eyJwaG9uZSI6IjE3MzQxNzAxNzIwIiwiaWQiOiIxMSIsImV4cCI6MTc0MzIyNTEyOCwiaGVhZFBpYyI6ImNvbW1vbi91c2VyX2ltZy5qcGciLCJlbWFpbCI6ImN5MjM5Mzg1NTIxM0AxNjMuQ09NIiwidXNlcm5hbWUiOiJidXkxIn0.w7nBAUIq6JS02YV5Iv6aoW6eKMzAiKCrrwOqXaUr6WU
2025-03-22 13:19:50.167 INFO [http-nio-8080-exec-4]com.yjq.programmer.interceptor.home.UserLoginInterceptor.preHandle:49 -当前URL=/home/cart/add
2025-03-22 13:19:50.168 INFO [http-nio-8080-exec-4]com.yjq.programmer.interceptor.home.UserLoginInterceptor.preHandle:50 -当前路径获取到的token=eyJ0eXAiOiJKV1QiLCJhbGciOiJIUzI1NiJ9.eyJwaG9uZSI6IjE3MzQxNzAxNzIwIiwiaWQiOiIxMSIsImV4cCI6MTc0MzIyNTEyOCwiaGVhZFBpYyI6ImNvbW1vbi91c2VyX2ltZy5qcGciLCJlbWFpbCI6ImN5MjM5Mzg1NTIxM0AxNjMuQ09NIiwidXNlcm5hbWUiOiJidXkxIn0.w7nBAUIq6JS02YV5Iv6aoW6eKMzAiKCrrwOqXaUr6WU
2025-03-22 13:19:51.009 INFO [http-nio-8080-exec-8]com.yjq.programmer.interceptor.home.UserLoginInterceptor.preHandle:49 -当前URL=/home/product/fruit
2025-03-22 13:19:51.009 INFO [http-nio-8080-exec-8]com.yjq.programmer.interceptor.home.UserLoginInterceptor.preHandle:50 -当前路径获取到的token=eyJ0eXAiOiJKV1QiLCJhbGciOiJIUzI1NiJ9.eyJwaG9uZSI6IjE3MzQxNzAxNzIwIiwiaWQiOiIxMSIsImV4cCI6MTc0MzIyNTEyOCwiaGVhZFBpYyI6ImNvbW1vbi91c2VyX2ltZy5qcGciLCJlbWFpbCI6ImN5MjM5Mzg1NTIxM0AxNjMuQ09NIiwidXNlcm5hbWUiOiJidXkxIn0.w7nBAUIq6JS02YV5Iv6aoW6eKMzAiKCrrwOqXaUr6WU
2025-03-22 13:19:54.139 INFO [http-nio-8080-exec-3]com.yjq.programmer.interceptor.home.UserLoginInterceptor.preHandle:49 -当前URL=/home/user/info
2025-03-22 13:19:54.140 INFO [http-nio-8080-exec-3]com.yjq.programmer.interceptor.home.UserLoginInterceptor.preHandle:50 -当前路径获取到的token=eyJ0eXAiOiJKV1QiLCJhbGciOiJIUzI1NiJ9.eyJwaG9uZSI6IjE3MzQxNzAxNzIwIiwiaWQiOiIxMSIsImV4cCI6MTc0MzIyNTEyOCwiaGVhZFBpYyI6ImNvbW1vbi91c2VyX2ltZy5qcGciLCJlbWFpbCI6ImN5MjM5Mzg1NTIxM0AxNjMuQ09NIiwidXNlcm5hbWUiOiJidXkxIn0.w7nBAUIq6JS02YV5Iv6aoW6eKMzAiKCrrwOqXaUr6WU
2025-03-22 13:20:01.625 INFO [http-nio-8080-exec-3]com.yjq.programmer.interceptor.home.UserLoginInterceptor.preHandle:49 -当前URL=/home/cart/index
2025-03-22 13:20:01.626 INFO [http-nio-8080-exec-3]com.yjq.programmer.interceptor.home.UserLoginInterceptor.preHandle:50 -当前路径获取到的token=eyJ0eXAiOiJKV1QiLCJhbGciOiJIUzI1NiJ9.eyJwaG9uZSI6IjE3MzQxNzAxNzIwIiwiaWQiOiIxMSIsImV4cCI6MTc0MzIyNTEyOCwiaGVhZFBpYyI6ImNvbW1vbi91c2VyX2ltZy5qcGciLCJlbWFpbCI6ImN5MjM5Mzg1NTIxM0AxNjMuQ09NIiwidXNlcm5hbWUiOiJidXkxIn0.w7nBAUIq6JS02YV5Iv6aoW6eKMzAiKCrrwOqXaUr6WU
2025-03-22 13:20:01.663 INFO [http-nio-8080-exec-3]com.yjq.programmer.interceptor.home.UserLoginInterceptor.preHandle:49 -当前URL=/home/cart/home/cart/index
2025-03-22 13:20:01.663 INFO [http-nio-8080-exec-3]com.yjq.programmer.interceptor.home.UserLoginInterceptor.preHandle:50 -当前路径获取到的token=eyJ0eXAiOiJKV1QiLCJhbGciOiJIUzI1NiJ9.eyJwaG9uZSI6IjE3MzQxNzAxNzIwIiwiaWQiOiIxMSIsImV4cCI6MTc0MzIyNTEyOCwiaGVhZFBpYyI6ImNvbW1vbi91c2VyX2ltZy5qcGciLCJlbWFpbCI6ImN5MjM5Mzg1NTIxM0AxNjMuQ09NIiwidXNlcm5hbWUiOiJidXkxIn0.w7nBAUIq6JS02YV5Iv6aoW6eKMzAiKCrrwOqXaUr6WU
2025-03-22 13:20:09.749 INFO [http-nio-8080-exec-7]com.yjq.programmer.interceptor.home.UserLoginInterceptor.preHandle:49 -当前URL=/home/cart/index
2025-03-22 13:20:09.749 INFO [http-nio-8080-exec-7]com.yjq.programmer.interceptor.home.UserLoginInterceptor.preHandle:50 -当前路径获取到的token=eyJ0eXAiOiJKV1QiLCJhbGciOiJIUzI1NiJ9.eyJwaG9uZSI6IjE3MzQxNzAxNzIwIiwiaWQiOiIxMSIsImV4cCI6MTc0MzIyNTEyOCwiaGVhZFBpYyI6ImNvbW1vbi91c2VyX2ltZy5qcGciLCJlbWFpbCI6ImN5MjM5Mzg1NTIxM0AxNjMuQ09NIiwidXNlcm5hbWUiOiJidXkxIn0.w7nBAUIq6JS02YV5Iv6aoW6eKMzAiKCrrwOqXaUr6WU
2025-03-22 13:20:09.761 INFO [http-nio-8080-exec-7]com.yjq.programmer.interceptor.home.UserLoginInterceptor.preHandle:49 -当前URL=/home/cart/home/cart/index
2025-03-22 13:20:09.761 INFO [http-nio-8080-exec-7]com.yjq.programmer.interceptor.home.UserLoginInterceptor.preHandle:50 -当前路径获取到的token=eyJ0eXAiOiJKV1QiLCJhbGciOiJIUzI1NiJ9.eyJwaG9uZSI6IjE3MzQxNzAxNzIwIiwiaWQiOiIxMSIsImV4cCI6MTc0MzIyNTEyOCwiaGVhZFBpYyI6ImNvbW1vbi91c2VyX2ltZy5qcGciLCJlbWFpbCI6ImN5MjM5Mzg1NTIxM0AxNjMuQ09NIiwidXNlcm5hbWUiOiJidXkxIn0.w7nBAUIq6JS02YV5Iv6aoW6eKMzAiKCrrwOqXaUr6WU
